==44336== Memcheck, a memory error detector
==44336== Copyright (C) 2002-2017, and GNU GPL'd, by Julian Seward et al.
==44336== Using Valgrind-3.18.1 and LibVEX; rerun with -h for copyright info
==44336== Command: ./push_swap
==44336== Parent PID: 41656
==44336== 
==44336== Invalid read of size 4
==44336==    at 0x109766: check_duplicates (in /home/pemiguel/Desktop/42Core/push_swap/push_swap)
==44336==    by 0x1097BC: create_arr (in /home/pemiguel/Desktop/42Core/push_swap/push_swap)
==44336==    by 0x10A77D: main (in /home/pemiguel/Desktop/42Core/push_swap/push_swap)
==44336==  Address 0x4a960a0 is 0 bytes after a block of size 0 alloc'd
==44336==    at 0x4848899: malloc (in /usr/libexec/valgrind/vgpreload_memcheck-amd64-linux.so)
==44336==    by 0x109685: check_duplicates (in /home/pemiguel/Desktop/42Core/push_swap/push_swap)
==44336==    by 0x1097BC: create_arr (in /home/pemiguel/Desktop/42Core/push_swap/push_swap)
==44336==    by 0x10A77D: main (in /home/pemiguel/Desktop/42Core/push_swap/push_swap)
==44336== 
==44336== 
==44336== Process terminating with default action of signal 2 (SIGINT)
==44336==    at 0x10A61A: sort_with_radix (in /home/pemiguel/Desktop/42Core/push_swap/push_swap)
==44336==    by 0x10A7DB: main (in /home/pemiguel/Desktop/42Core/push_swap/push_swap)
==44336== 
==44336== HEAP SUMMARY:
==44336==     in use at exit: 72 bytes in 8 blocks
==44336==   total heap usage: 9 allocs, 1 frees, 72 bytes allocated
==44336== 
==44336== 0 bytes in 1 blocks are definitely lost in loss record 4 of 8
==44336==    at 0x4848899: malloc (in /usr/libexec/valgrind/vgpreload_memcheck-amd64-linux.so)
==44336==    by 0x109218: copy_stack (in /home/pemiguel/Desktop/42Core/push_swap/push_swap)
==44336==    by 0x10A54B: duplicate_list (in /home/pemiguel/Desktop/42Core/push_swap/push_swap)
==44336==    by 0x10A79D: main (in /home/pemiguel/Desktop/42Core/push_swap/push_swap)
==44336== 
==44336== 0 bytes in 1 blocks are definitely lost in loss record 5 of 8
==44336==    at 0x4848899: malloc (in /usr/libexec/valgrind/vgpreload_memcheck-amd64-linux.so)
==44336==    by 0x109218: copy_stack (in /home/pemiguel/Desktop/42Core/push_swap/push_swap)
==44336==    by 0x10A7AD: main (in /home/pemiguel/Desktop/42Core/push_swap/push_swap)
==44336== 
==44336== LEAK SUMMARY:
==44336==    definitely lost: 0 bytes in 2 blocks
==44336==    indirectly lost: 0 bytes in 0 blocks
==44336==      possibly lost: 0 bytes in 0 blocks
==44336==    still reachable: 72 bytes in 6 blocks
==44336==         suppressed: 0 bytes in 0 blocks
==44336== Reachable blocks (those to which a pointer was found) are not shown.
==44336== To see them, rerun with: --leak-check=full --show-leak-kinds=all
==44336== 
==44336== For lists of detected and suppressed errors, rerun with: -s
==44336== ERROR SUMMARY: 3 errors from 3 contexts (suppressed: 0 from 0)
